0 info it worked if it ends with ok
1 verbose cli [ '/Users/tylerrichard/.nvm/versions/node/v5.5.0/bin/node',
1 verbose cli   '/Users/tylerrichard/.nvm/versions/node/v5.5.0/bin/npm',
1 verbose cli   'run',
1 verbose cli   'dev' ]
2 info using npm@3.3.12
3 info using node@v5.5.0
4 verbose run-script [ 'predev', 'dev', 'postdev' ]
5 info lifecycle fitness-spotter-react@1.0.0~predev: fitness-spotter-react@1.0.0
6 silly lifecycle fitness-spotter-react@1.0.0~predev: no script for predev, continuing
7 info lifecycle fitness-spotter-react@1.0.0~dev: fitness-spotter-react@1.0.0
8 verbose lifecycle fitness-spotter-react@1.0.0~dev: unsafe-perm in lifecycle true
9 verbose lifecycle fitness-spotter-react@1.0.0~dev: PATH: /Users/tylerrichard/.nvm/versions/node/v5.5.0/lib/node_modules/npm/bin/node-gyp-bin:/Users/tylerrichard/Desktop/projectBox/fitnessSpotter-react/node_modules/.bin:/Users/tylerrichard/.nvm/versions/node/v5.5.0/bin:/usr/bin:/bin:/usr/sbin:/sbin:/usr/local/bin:/usr/local/git/bin
10 verbose lifecycle fitness-spotter-react@1.0.0~dev: CWD: /Users/tylerrichard/Desktop/projectBox/fitnessSpotter-react
11 silly lifecycle fitness-spotter-react@1.0.0~dev: Args: [ '-c',
11 silly lifecycle   'webpack-dev-server --content-base public --inline --hot' ]
12 silly lifecycle fitness-spotter-react@1.0.0~dev: Returned: code: 1  signal: null
13 info lifecycle fitness-spotter-react@1.0.0~dev: Failed to exec dev script
14 verbose stack Error: fitness-spotter-react@1.0.0 dev: `webpack-dev-server --content-base public --inline --hot`
14 verbose stack Exit status 1
14 verbose stack     at EventEmitter.<anonymous> (/Users/tylerrichard/.nvm/versions/node/v5.5.0/lib/node_modules/npm/lib/utils/lifecycle.js:232:16)
14 verbose stack     at emitTwo (events.js:100:13)
14 verbose stack     at EventEmitter.emit (events.js:185:7)
14 verbose stack     at ChildProcess.<anonymous> (/Users/tylerrichard/.nvm/versions/node/v5.5.0/lib/node_modules/npm/lib/utils/spawn.js:24:14)
14 verbose stack     at emitTwo (events.js:100:13)
14 verbose stack     at ChildProcess.emit (events.js:185:7)
14 verbose stack     at maybeClose (internal/child_process.js:821:16)
14 verbose stack     at Process.ChildProcess._handle.onexit (internal/child_process.js:211:5)
15 verbose pkgid fitness-spotter-react@1.0.0
16 verbose cwd /Users/tylerrichard/Desktop/projectBox/fitnessSpotter-react
17 error Darwin 15.0.0
18 error argv "/Users/tylerrichard/.nvm/versions/node/v5.5.0/bin/node" "/Users/tylerrichard/.nvm/versions/node/v5.5.0/bin/npm" "run" "dev"
19 error node v5.5.0
20 error npm  v3.3.12
21 error code ELIFECYCLE
22 error fitness-spotter-react@1.0.0 dev: `webpack-dev-server --content-base public --inline --hot`
22 error Exit status 1
23 error Failed at the fitness-spotter-react@1.0.0 dev script 'webpack-dev-server --content-base public --inline --hot'.
23 error Make sure you have the latest version of node.js and npm installed.
23 error If you do, this is most likely a problem with the fitness-spotter-react package,
23 error not with npm itself.
23 error Tell the author that this fails on your system:
23 error     webpack-dev-server --content-base public --inline --hot
23 error You can get their info via:
23 error     npm owner ls fitness-spotter-react
23 error There is likely additional logging output above.
24 verbose exit [ 1, true ]
